<?xml version="1.0" encoding="utf-8"?><testsuites name="pytest tests"><testsuite name="pytest" errors="0" failures="0" skipped="0" tests="36" time="18.857" timestamp="2026-09-01T14:05:16.566491+00:00" hostname="agent-env-0ff6fc5f-2193-4721-8e8d-d6e39cf4ac94"><testcase classname="tests.backend_test.TestAuth" name="test_register_new_user" time="0.601" /><testcase classname="tests.backend_test.TestCompiler" name="test_python" time="0.610" /><testcase classname="tests.backend_test.TestAuth" name="test_login_seed" time="0.301" /><testcase classname="tests.backend_test.TestCompiler" name="test_javascript" time="0.315" /><testcase classname="tests.backend_test.TestAuth" name="test_login_invalid" time="0.292" /><testcase classname="tests.backend_test.TestCompiler" name="test_c" time="0.571" /><testcase classname="tests.backend_test.TestCompiler" name="test_cpp" time="0.468" /><testcase classname="tests.backend_test.TestAuth" name="test_me" time="0.378" /><testcase classname="tests.backend_test.TestAuth" name="test_me_unauth" time="0.073" /><testcase classname="tests.backend_test.TestQuiz" name="test_generate" time="4.990" /><testcase classname="tests.backend_test.TestCompiler" name="test_java" time="0.785" /><testcase classname="tests.backend_test.TestCompiler" name="test_stdin" time="0.080" /><testcase classname="tests.backend_test.TestCompiler" name="test_unsupported" time="0.076" /><testcase classname="tests.backend_test.TestCompiler" name="test_problems" time="0.070" /><testcase classname="tests.backend_test.TestFriends" name="test_search" time="0.067" /><testcase classname="tests.backend_test.TestFriends" name="test_flow" time="0.985" /><testcase classname="tests.backend_test.TestInterview" name="test_start" time="1.356" /><testcase classname="tests.backend_test.TestInterview" name="test_answer" time="2.246" /><testcase classname="tests.backend_test.TestQuiz" name="test_submit" time="0.077" /><testcase classname="tests.backend_test.TestQuiz" name="test_badges" time="0.075" /><testcase classname="tests.backend_test.TestQuiz" name="test_leaderboard" time="0.080" /><testcase classname="tests.backend_test.TestStreakRewards" name="test_streak7_bonus_and_badge" time="1.427" /><testcase classname="tests.backend_test.TestSTT" name="test_stt_roundtrip" time="1.322" /><testcase classname="tests.backend_test.TestStreakRewards" name="test_no_bonus_below_7" time="0.769" /><testcase classname="tests.backend_test.TestSTT" name="test_stt_unauth" time="0.140" /><testcase classname="tests.backend_test.TestInterviewRecording" name="test_save_records_and_video" time="4.121" /><testcase classname="tests.backend_test.TestBattle" name="test_full_flow_two_players" time="6.484" /><testcase classname="tests.backend_test.TestInterviewRecording" name="test_save_without_video" time="3.401" /><testcase classname="tests.backend_test.TestBattle" name="test_join_invalid_code" time="0.168" /><testcase classname="tests.backend_test.TestDNA" name="test_get_dna" time="0.065" /><testcase classname="tests.backend_test.TestChat" name="test_chat_stream" time="1.024" /><testcase classname="tests.backend_test.TestCatalog" name="test_catalog" time="0.068" /><testcase classname="tests.backend_test.TestMistakes" name="test_add_and_list_mistake" time="0.161" /><testcase classname="tests.backend_test.TestRename" name="test_root_message" time="0.074" /><testcase classname="tests.backend_test.TestTTS" name="test_tts" time="0.270" /><testcase classname="tests.backend_test.TestDaily" name="test_daily_flow" time="1.012" /></testsuite></testsuites>