<?xml version="1.0" encoding="utf-8"?><testsuites name="pytest tests"><testsuite name="pytest" errors="0" failures="0" skipped="0" tests="26" time="10.470" timestamp="2026-09-01T12:47:35.337195+00:00" hostname="agent-env-0ff6fc5f-2193-4721-8e8d-d6e39cf4ac94"><testcase classname="tests.backend_test.TestAuth" name="test_register_new_user" time="0.681" /><testcase classname="tests.backend_test.TestCompiler" name="test_python" time="0.644" /><testcase classname="tests.backend_test.TestCompiler" name="test_javascript" time="0.083" /><testcase classname="tests.backend_test.TestAuth" name="test_login_seed" time="0.332" /><testcase classname="tests.backend_test.TestCompiler" name="test_c" time="0.289" /><testcase classname="tests.backend_test.TestAuth" name="test_login_invalid" time="0.481" /><testcase classname="tests.backend_test.TestCompiler" name="test_cpp" time="0.502" /><testcase classname="tests.backend_test.TestCompiler" name="test_java" time="1.073" /><testcase classname="tests.backend_test.TestAuth" name="test_me" time="0.360" /><testcase classname="tests.backend_test.TestAuth" name="test_me_unauth" time="0.086" /><testcase classname="tests.backend_test.TestQuiz" name="test_generate" time="4.500" /><testcase classname="tests.backend_test.TestCompiler" name="test_stdin" time="0.083" /><testcase classname="tests.backend_test.TestCompiler" name="test_unsupported" time="0.060" /><testcase classname="tests.backend_test.TestCompiler" name="test_problems" time="0.059" /><testcase classname="tests.backend_test.TestFriends" name="test_search" time="0.064" /><testcase classname="tests.backend_test.TestFriends" name="test_flow" time="0.974" /><testcase classname="tests.backend_test.TestInterview" name="test_start" time="1.186" /><testcase classname="tests.backend_test.TestInterview" name="test_answer" time="2.296" /><testcase classname="tests.backend_test.TestQuiz" name="test_submit" time="0.118" /><testcase classname="tests.backend_test.TestQuiz" name="test_badges" time="0.069" /><testcase classname="tests.backend_test.TestQuiz" name="test_leaderboard" time="0.067" /><testcase classname="tests.backend_test.TestMistakes" name="test_add_and_list_mistake" time="0.198" /><testcase classname="tests.backend_test.TestChat" name="test_chat_stream" time="0.866" /><testcase classname="tests.backend_test.TestCatalog" name="test_catalog" time="0.059" /><testcase classname="tests.backend_test.TestDNA" name="test_get_dna" time="0.061" /><testcase classname="tests.backend_test.TestTTS" name="test_tts" time="2.111" /></testsuite></testsuites>